<?xml version="1.0" encoding="UTF-8"?>
<!-- Generated by org.testng.reporters.JUnitXMLReporter -->
<testsuite ignored="5" hostname="SADIYAs-MacBook-Pro.local" failures="0" tests="3" name="Test" time="27.905" errors="0" timestamp="2025-06-16T08:24:51 IST">
  <testcase classname="campaign.CreateCampaignTest" name="createCampaignWithExpectedCloseDateTest" time="3.76"/>
  <testcase classname="campaign.CreateCampaignTest" name="createCampaignWithStatusTest" time="1.759"/>
  <testcase classname="contact.CreateContactTest" name="CreateContactWithMandatoryFieldsTest" time="6.493"/>
  <testcase classname="campaign.CreateCampaignTest" name="createCampaignWithMandatoryFieldsTest" time="0.0">
    <ignored/>
  </testcase> <!-- createCampaignWithMandatoryFieldsTest -->
  <testcase classname="configbaseclass.BaseClass" name="@BeforeSuite beforeSuite" time="0.0">
    <ignored/>
  </testcase> <!-- @BeforeSuite beforeSuite -->
  <testcase classname="configbaseclass.BaseClass" name="@AfterTest afterTest" time="0.0">
    <ignored/>
  </testcase> <!-- @AfterTest afterTest -->
  <testcase classname="configbaseclass.BaseClass" name="@BeforeTest beforeTest" time="0.0">
    <ignored/>
  </testcase> <!-- @BeforeTest beforeTest -->
  <testcase classname="configbaseclass.BaseClass" name="@AfterSuite afterSuite" time="0.0">
    <ignored/>
  </testcase> <!-- @AfterSuite afterSuite -->
</testsuite> <!-- Test -->
