<?xml version="1.0" encoding="UTF-8"?>
<!-- Generated by org.testng.reporters.JUnitXMLReporter -->
<testsuite ignored="0" hostname="SADIYAs-MacBook-Pro.local" failures="0" tests="3" name="Default test" time="17.659" errors="0" timestamp="2025-06-16T07:59:03 IST">
  <testcase classname="campaign.CreateCampaignTest" name="createCampaignWithExpectedCloseDateTest" time="2.528"/>
  <testcase classname="campaign.CreateCampaignTest" name="createCampaignWithMandatoryFieldsTest" time="1.566"/>
  <testcase classname="campaign.CreateCampaignTest" name="createCampaignWithStatusTest" time="1.542"/>
</testsuite> <!-- Default test -->
